  stdafx.cpp
  ShapeManager.cpp
c:\users\hans\documents\visual studio 2015\projects\c++hw\shapedraw-v1\shapedraw\shapemanager.cpp(20): warning C4018: '<': signed 또는 unsigned가 일치하지 않습니다.
  ShapeDraw.cpp
  WinRectangle.cpp
  WinCircle.cpp
  코드를 생성하고 있습니다...
ShapeLibd.lib(Shape.obj) : error LNK2038: '_MSC_VER'에 대해 불일치가 검색되었습니다. '1800' 값이 '1900'(WinCircle.obj에 위치) 값과 일치하지 않습니다.
ShapeLibd.lib(Circle.obj) : error LNK2038: '_MSC_VER'에 대해 불일치가 검색되었습니다. '1800' 값이 '1900'(WinCircle.obj에 위치) 값과 일치하지 않습니다.
ShapeLibd.lib(Rectangle.obj) : error LNK2038: '_MSC_VER'에 대해 불일치가 검색되었습니다. '1800' 값이 '1900'(WinCircle.obj에 위치) 값과 일치하지 않습니다.
ShapeLibd.lib(Shape.obj) : warning LNK4217: 지역으로 정의된 ??0_Container_base12@std@@QAE@XZ (public: __thiscall std::_Container_base12::_Container_base12(void)) 기호를 "public: __thiscall std::_String_val<struct std::_Simple_types<char> >::_String_val<struct std::_Simple_types<char> >(void)" (??0?$_String_val@U?$_Simple_types@D@std@@@std@@QAE@XZ) 함수로 가져왔습니다.
ShapeLibd.lib(Circle.obj) : warning LNK4217: 지역으로 정의된 ??0_Container_base12@std@@QAE@XZ (public: __thiscall std::_Container_base12::_Container_base12(void)) 기호를 "public: __thiscall std::_String_val<struct std::_Simple_types<char> >::_String_val<struct std::_Simple_types<char> >(void)" (??0?$_String_val@U?$_Simple_types@D@std@@@std@@QAE@XZ) 함수로 가져왔습니다.
ShapeLibd.lib(Rectangle.obj) : warning LNK4217: 지역으로 정의된 ??0_Container_base12@std@@QAE@XZ (public: __thiscall std::_Container_base12::_Container_base12(void)) 기호를 "public: __thiscall std::_String_val<struct std::_Simple_types<char> >::_String_val<struct std::_Simple_types<char> >(void)" (??0?$_String_val@U?$_Simple_types@D@std@@@std@@QAE@XZ) 함수로 가져왔습니다.
ShapeLibd.lib(Shape.obj) : warning LNK4217: 지역으로 정의된 ??1_Container_base12@std@@QAE@XZ (public: __thiscall std::_Container_base12::~_Container_base12(void)) 기호를 "public: __thiscall std::_String_val<struct std::_Simple_types<char> >::~_String_val<struct std::_Simple_types<char> >(void)" (??1?$_String_val@U?$_Simple_types@D@std@@@std@@QAE@XZ) 함수로 가져왔습니다.
ShapeLibd.lib(Circle.obj) : warning LNK4217: 지역으로 정의된 ??1_Container_base12@std@@QAE@XZ (public: __thiscall std::_Container_base12::~_Container_base12(void)) 기호를 "public: __thiscall std::_String_val<struct std::_Simple_types<char> >::~_String_val<struct std::_Simple_types<char> >(void)" (??1?$_String_val@U?$_Simple_types@D@std@@@std@@QAE@XZ) 함수로 가져왔습니다.
ShapeLibd.lib(Rectangle.obj) : warning LNK4217: 지역으로 정의된 ??1_Container_base12@std@@QAE@XZ (public: __thiscall std::_Container_base12::~_Container_base12(void)) 기호를 "public: __thiscall std::_String_val<struct std::_Simple_types<char> >::~_String_val<struct std::_Simple_types<char> >(void)" (??1?$_String_val@U?$_Simple_types@D@std@@@std@@QAE@XZ) 함수로 가져왔습니다.
ShapeLibd.lib(Shape.obj) : warning LNK4217: 지역으로 정의된 ?_Orphan_all@_Container_base12@std@@QAEXXZ (public: void __thiscall std::_Container_base12::_Orphan_all(void)) 기호를 "public: void __thiscall std::_String_alloc<0,struct std::_String_base_types<char,class std::allocator<char> > >::_Free_proxy(void)" (?_Free_proxy@?$_String_alloc@$0A@U?$_String_base_types@DV?$allocator@D@std@@@std@@@std@@QAEXXZ) 함수로 가져왔습니다.
ShapeLibd.lib(Circle.obj) : warning LNK4217: 지역으로 정의된 ?_Orphan_all@_Container_base12@std@@QAEXXZ (public: void __thiscall std::_Container_base12::_Orphan_all(void)) 기호를 "public: void __thiscall std::_String_alloc<0,struct std::_String_base_types<char,class std::allocator<char> > >::_Free_proxy(void)" (?_Free_proxy@?$_String_alloc@$0A@U?$_String_base_types@DV?$allocator@D@std@@@std@@@std@@QAEXXZ) 함수로 가져왔습니다.
ShapeLibd.lib(Rectangle.obj) : warning LNK4217: 지역으로 정의된 ?_Orphan_all@_Container_base12@std@@QAEXXZ (public: void __thiscall std::_Container_base12::_Orphan_all(void)) 기호를 "public: void __thiscall std::_String_alloc<0,struct std::_String_base_types<char,class std::allocator<char> > >::_Free_proxy(void)" (?_Free_proxy@?$_String_alloc@$0A@U?$_String_base_types@DV?$allocator@D@std@@@std@@@std@@QAEXXZ) 함수로 가져왔습니다.
ShapeLibd.lib(Shape.obj) : error LNK2019: "__declspec(dllimport) char const * __cdecl std::_Winerror_map(int)" (__imp_?_Winerror_map@std@@YAPBDH@Z) 외부 기호(참조 위치: "public: virtual class std::basic_string<char,struct std::char_traits<char>,class std::allocator<char> > __thiscall std::_System_error_category::message(int)const " (?message@_System_error_category@std@@UBE?AV?$basic_string@DU?$char_traits@D@std@@V?$allocator@D@2@@2@H@Z) 함수)에서 확인하지 못했습니다.
ShapeLibd.lib(Circle.obj) : error LNK2001: "__declspec(dllimport) char const * __cdecl std::_Winerror_map(int)" (__imp_?_Winerror_map@std@@YAPBDH@Z) 외부 기호를 확인할 수 없습니다.
ShapeLibd.lib(Rectangle.obj) : error LNK2001: "__declspec(dllimport) char const * __cdecl std::_Winerror_map(int)" (__imp_?_Winerror_map@std@@YAPBDH@Z) 외부 기호를 확인할 수 없습니다.
C:\Users\Hans\Documents\Visual Studio 2015\Projects\C++HW\ShapeDraw-v1\Debug\ShapeDraw.exe : fatal error LNK1120: 1개의 확인할 수 없는 외부 참조입니다.
